<?xml version="1.0" encoding="UTF-8"?>
<testsuite name="com.rhinocode.urlshortener.UrlShortenerApplicationTests" tests="1" skipped="0" failures="0" errors="0" timestamp="2023-11-07T07:46:38" hostname="MacBook-Pro-Przemysaw.local" time="0.418">
  <properties/>
  <testcase name="contextLoads()" classname="com.rhinocode.urlshortener.UrlShortenerApplicationTests" time="0.418"/>
  <system-out><![CDATA[08:46:37.535 [Test worker] INFO org.springframework.test.context.support.AnnotationConfigContextLoaderUtils -- Could not detect default configuration classes for test class [com.rhinocode.urlshortener.UrlShortenerApplicationTests]: UrlShortenerApplicationTests does not declare any static, non-private, non-final, nested classes annotated with @Configuration.
08:46:37.574 [Test worker] INFO org.springframework.boot.test.context.SpringBootTestContextBootstrapper -- Found @SpringBootConfiguration com.rhinocode.urlshortener.UrlShortenerApplication for test class com.rhinocode.urlshortener.UrlShortenerApplicationTests

  .   ____          _            __ _ _
 /\\ / ___'_ __ _ _(_)_ __  __ _ \ \ \ \
( ( )\___ | '_ | '_| | '_ \/ _` | \ \ \ \
 \\/  ___)| |_)| | | | | || (_| |  ) ) ) )
  '  |____| .__|_| |_|_| |_\__, | / / / /
 =========|_|==============|___/=/_/_/_/
 :: Spring Boot ::                (v3.1.5)

2023-11-07T08:46:37.716+01:00  INFO 5182 --- [    Test worker] c.r.u.UrlShortenerApplicationTests       : Starting UrlShortenerApplicationTests using Java 21.0.1 with PID 5182 (started by przemyslawznojek in /Users/przemyslawznojek/SelfProjects/url-shortener)
2023-11-07T08:46:37.716+01:00  INFO 5182 --- [    Test worker] c.r.u.UrlShortenerApplicationTests       : No active profile set, falling back to 1 default profile: "default"
2023-11-07T08:46:38.150+01:00  INFO 5182 --- [    Test worker] c.r.u.UrlShortenerApplicationTests       : Started UrlShortenerApplicationTests in 0.521 seconds (process running for 0.987)
]]></system-out>
  <system-err><![CDATA[WARNING: A Java agent has been loaded dynamically (/Users/przemyslawznojek/.gradle/caches/modules-2/files-2.1/net.bytebuddy/byte-buddy-agent/1.14.9/dfb8707031008535048bad2b69735f46d0b6c5e5/byte-buddy-agent-1.14.9.jar)
WARNING: If a serviceability tool is in use, please run with -XX:+EnableDynamicAgentLoading to hide this warning
WARNING: If a serviceability tool is not in use, please run with -Djdk.instrument.traceUsage for more information
WARNING: Dynamic loading of agents will be disallowed by default in a future release
]]></system-err>
</testsuite>
